
> web@0.1.0 build C:\Users\Rishabh.Negi_i\OneDrive - The Energy and Resources Institute\Desktop\My_Files\Projects\OTBL\otbl-monorepo-2\apps\web
> next build --turbopack

 ⚠ Warning: Next.js inferred your workspace root, but it may not be correct.
 We detected multiple lockfiles and selected the directory of C:\Users\Rishabh.Negi_i\yarn.lock as the root directory.
 To silence this warning, set `turbopack.root` in your Next.js config, or consider removing one of the lockfiles if it's not needed.
   See https://nextjs.org/docs/app/api-reference/config/next-config-js/turbopack#root-directory for more information.
 Detected additional lockfiles: 
   * C:\Users\Rishabh.Negi_i\OneDrive - The Energy and Resources Institute\Desktop\My_Files\Projects\OTBL\otbl-monorepo-2\apps\web\pnpm-lock.yaml
   * C:\Users\Rishabh.Negi_i\OneDrive - The Energy and Resources Institute\Desktop\My_Files\Projects\OTBL\otbl-monorepo-2\pnpm-lock.yaml

   ▲ Next.js 15.5.2 (Turbopack)
   - Environments: .env

   Creating an optimized production build ...
 ✓ Finished writing to disk in 322ms
 ✓ Compiled successfully in 7.3s
   Linting and checking validity of types ...

Failed to compile.

./src/app/dashboard/client/[clientId]/_components/client-proposals-WO/create-wo/CreateWODialog.tsx
207:14  Warning: 'error' is defined but never used.  @typescript-eslint/no-unused-vars

./src/app/dashboard/client/[clientId]/_components/client-proposals-WO/create-wo/StepperCreateWO.tsx
5:46  Error: Unexpected any. Specify a different type.  @typescript-eslint/no-explicit-any
10:33  Error: Unexpected any. Specify a different type.  @typescript-eslint/no-explicit-any

./src/app/dashboard/client/[clientId]/_components/client-proposals-WO/proposal-wo/CreateProposalDialog.tsx
201:14  Warning: 'error' is defined but never used.  @typescript-eslint/no-unused-vars

./src/app/dashboard/client/[clientId]/_components/client-proposals-WO/proposal-wo/ProposalWODetailsDialog.tsx
146:52  Error: Unexpected any. Specify a different type.  @typescript-eslint/no-explicit-any
263:56  Error: Unexpected any. Specify a different type.  @typescript-eslint/no-explicit-any
502:50  Error: `'` can be escaped with `&apos;`, `&lsquo;`, `&#39;`, `&rsquo;`.  react/no-unescaped-entities

./src/app/dashboard/client/[clientId]/_components/client-proposals-WO/proposal-wo/RightSidePanel.tsx
33:18  Error: Unexpected any. Specify a different type.  @typescript-eslint/no-explicit-any
37:13  Error: Unexpected any. Specify a different type.  @typescript-eslint/no-explicit-any

./src/app/dashboard/client/[clientId]/_components/client-proposals-WO/proposal-wo/WordOrderCard.tsx
18:3  Warning: 'Leaf' is defined but never used.  @typescript-eslint/no-unused-vars
19:3  Warning: 'Sparkles' is defined but never used.  @typescript-eslint/no-unused-vars
88:49  Warning: 'proposalTitle' is defined but never used.  @typescript-eslint/no-unused-vars

./src/app/dashboard/client/[clientId]/_components/client-stats/ClientStats.tsx
21:31  Warning: 'clientId' is defined but never used.  @typescript-eslint/no-unused-vars

./src/app/dashboard/client/[clientId]/_components/UpdateClientButton.tsx
3:8  Warning: 'useHandleParams' is defined but never used.  @typescript-eslint/no-unused-vars

./src/app/dashboard/client/_components/ClientCard.tsx
5:3  Warning: 'ArrowRight' is defined but never used.  @typescript-eslint/no-unused-vars
16:11  Warning: 'ClientContact' is defined but never used.  @typescript-eslint/no-unused-vars

./src/app/dashboard/client/_components/ClientsTab.tsx
26:11  Warning: 'ClientContactsTableProps' is defined but never used.  @typescript-eslint/no-unused-vars

./src/app/dashboard/client/_components/CreateClientContactDialog.tsx
45:5  Warning: 'isLoading' is assigned a value but never used.  @typescript-eslint/no-unused-vars
46:5  Warning: 'error' is assigned a value but never used.  @typescript-eslint/no-unused-vars

./src/app/dashboard/client/_components/CreateClientDialog.tsx
13:3  Warning: 'Trash2' is defined but never used.  @typescript-eslint/no-unused-vars
119:13  Warning: 'newContacts' is assigned a value but never used.  @typescript-eslint/no-unused-vars
121:17  Warning: 'id' is defined but never used.  @typescript-eslint/no-unused-vars
127:13  Warning: 'existingContactIds' is assigned a value but never used.  @typescript-eslint/no-unused-vars
157:12  Warning: 'id' is defined but never used.  @typescript-eslint/no-unused-vars

./src/app/dashboard/office-site/_components/office-site-dialogs/CreateSiteDialog.tsx
125:6  Warning: React Hook useCallback has a missing dependency: 'deleteParams'. Either include it or remove the dependency array.  react-hooks/exhaustive-deps
274:47  Error: Unexpected any. Specify a different type.  @typescript-eslint/no-explicit-any

./src/app/dashboard/office-site/_components/office-site-dialogs/OfficeDetailsDialog.tsx
54:44  Error: Unexpected any. Specify a different type.  @typescript-eslint/no-explicit-any
57:32  Error: Unexpected any. Specify a different type.  @typescript-eslint/no-explicit-any
68:50  Error: Unexpected any. Specify a different type.  @typescript-eslint/no-explicit-any
70:15  Error: Unexpected any. Specify a different type.  @typescript-eslint/no-explicit-any
194:52  Error: Unexpected any. Specify a different type.  @typescript-eslint/no-explicit-any

./src/app/dashboard/office-site/_components/OfficeCard.tsx
14:6  Warning: 'Site' is defined but never used.  @typescript-eslint/no-unused-vars

./src/app/dashboard/office-site/_components/OfficeSiteTable.tsx
23:6  Warning: 'Site' is defined but never used.  @typescript-eslint/no-unused-vars

./src/app/dashboard/user/_components/CreateUpdateUserDialog.tsx
120:6  Warning: React Hook useCallback has a missing dependency: 'isAddMode'. Either include it or remove the dependency array.  react-hooks/exhaustive-deps

./src/app/dashboard/user/_components/UserTable.tsx
37:10  Warning: 'toast' is defined but never used.  @typescript-eslint/no-unused-vars
133:6  Warning: React Hook useEffect has missing dependencies: 'fetchedPagination', 'isAllUserQueryLoading', and 'users'. Either include them or remove the dependency array.  react-hooks/exhaustive-deps

./src/app/dashboard/work-order/page.tsx
60:6  Warning: React Hook useEffect has a missing dependency: 'pagination?.page'. Either include it or remove the dependency array.  react-hooks/exhaustive-deps

./src/app/dashboard/work-order/[workOrderId]/page.tsx
16:6  Warning: React Hook useEffect has a missing dependency: 'setParam'. Either include it or remove the dependency array.  react-hooks/exhaustive-deps

./src/app/dashboard/work-order/_components/WorkOrderSearchNFilter.tsx
69:36  Error: Unexpected any. Specify a different type.  @typescript-eslint/no-explicit-any

./src/app/_components/WO/WorkOrder.tsx
41:46  Error: Unexpected any. Specify a different type.  @typescript-eslint/no-explicit-any
88:48  Error: Unexpected any. Specify a different type.  @typescript-eslint/no-explicit-any
124:6  Warning: React Hook useEffect has missing dependencies: 'fetchedPagination', 'fetchedSites', 'isSitesQueryLoading', 'workOrderData?.workOrder?.client_id', and 'workOrderData?.workOrder?.id'. Either include them or remove the dependency array.  react-hooks/exhaustive-deps
149:27  Error: Unexpected any. Specify a different type.  @typescript-eslint/no-explicit-any
155:27  Error: Unexpected any. Specify a different type.  @typescript-eslint/no-explicit-any
163:32  Error: Unexpected any. Specify a different type.  @typescript-eslint/no-explicit-any

./src/app/_components/WO/_components/CreateWOSite/CreateWorkOrderSiteDialog.tsx
42:14  Error: Unexpected any. Specify a different type.  @typescript-eslint/no-explicit-any
43:20  Error: Unexpected any. Specify a different type.  @typescript-eslint/no-explicit-any
50:44  Error: Unexpected any. Specify a different type.  @typescript-eslint/no-explicit-any
60:57  Error: Unexpected any. Specify a different type.  @typescript-eslint/no-explicit-any
193:14  Error: Unexpected any. Specify a different type.  @typescript-eslint/no-explicit-any
195:28  Error: Unexpected any. Specify a different type.  @typescript-eslint/no-explicit-any
196:41  Error: Unexpected any. Specify a different type.  @typescript-eslint/no-explicit-any
226:9  Warning: 'siteProcessTypeOptions' is assigned a value but never used.  @typescript-eslint/no-unused-vars
239:36  Error: Unexpected any. Specify a different type.  @typescript-eslint/no-explicit-any
253:53  Error: Unexpected any. Specify a different type.  @typescript-eslint/no-explicit-any

./src/app/_components/WO/_components/CreateWOSite/WOSiteCreationWay.tsx
9:29  Error: Unexpected any. Specify a different type.  @typescript-eslint/no-explicit-any

./src/app/_components/WO/_components/SiteDetailsDialog/BioremediationForms.tsx
47:16  Error: Unexpected any. Specify a different type.  @typescript-eslint/no-explicit-any
53:16  Error: Unexpected any. Specify a different type.  @typescript-eslint/no-explicit-any
70:20  Error: Unexpected any. Specify a different type.  @typescript-eslint/no-explicit-any
74:57  Error: Unexpected any. Specify a different type.  @typescript-eslint/no-explicit-any
90:29  Error: Unexpected any. Specify a different type.  @typescript-eslint/no-explicit-any
106:40  Error: Unexpected any. Specify a different type.  @typescript-eslint/no-explicit-any
113:40  Error: Unexpected any. Specify a different type.  @typescript-eslint/no-explicit-any
120:40  Error: Unexpected any. Specify a different type.  @typescript-eslint/no-explicit-any
154:20  Error: Unexpected any. Specify a different type.  @typescript-eslint/no-explicit-any
158:51  Error: Unexpected any. Specify a different type.  @typescript-eslint/no-explicit-any
175:29  Error: Unexpected any. Specify a different type.  @typescript-eslint/no-explicit-any
211:46  Error: Unexpected any. Specify a different type.  @typescript-eslint/no-explicit-any
219:46  Error: Unexpected any. Specify a different type.  @typescript-eslint/no-explicit-any
228:46  Error: Unexpected any. Specify a different type.  @typescript-eslint/no-explicit-any
276:20  Error: Unexpected any. Specify a different type.  @typescript-eslint/no-explicit-any
280:51  Error: Unexpected any. Specify a different type.  @typescript-eslint/no-explicit-any
297:29  Error: Unexpected any. Specify a different type.  @typescript-eslint/no-explicit-any
334:46  Error: Unexpected any. Specify a different type.  @typescript-eslint/no-explicit-any
342:46  Error: Unexpected any. Specify a different type.  @typescript-eslint/no-explicit-any

./src/app/_components/WO/_components/SiteDetailsDialog/BioremediationSections.tsx
302:13  Error: Unexpected any. Specify a different type.  @typescript-eslint/no-explicit-any
494:30  Error: Unexpected any. Specify a different type.  @typescript-eslint/no-explicit-any
503:30  Error: Unexpected any. Specify a different type.  @typescript-eslint/no-explicit-any

./src/app/_components/WO/_components/SiteDetailsDialog/SiteActivities.tsx
387:31  Error: Unexpected any. Specify a different type.  @typescript-eslint/no-explicit-any
397:22  Error: Unexpected any. Specify a different type.  @typescript-eslint/no-explicit-any
399:25  Error: Unexpected any. Specify a different type.  @typescript-eslint/no-explicit-any

./src/app/_components/WO/_components/SiteDetailsDialog/SiteDetailsCard.tsx
109:32  Error: Unexpected any. Specify a different type.  @typescript-eslint/no-explicit-any
122:35  Error: Unexpected any. Specify a different type.  @typescript-eslint/no-explicit-any
125:36  Error: Unexpected any. Specify a different type.  @typescript-eslint/no-explicit-any
131:35  Error: Unexpected any. Specify a different type.  @typescript-eslint/no-explicit-any
134:36  Error: Unexpected any. Specify a different type.  @typescript-eslint/no-explicit-any
380:49  Error: Unexpected any. Specify a different type.  @typescript-eslint/no-explicit-any

./src/app/_components/WO/_components/SiteDetailsDialog/SiteDetailsDialog.tsx
10:11  Warning: 'SiteDetailDialogProps' is defined but never used.  @typescript-eslint/no-unused-vars
24:20  Error: Unexpected any. Specify a different type.  @typescript-eslint/no-explicit-any

./src/app/_components/WO/_components/SiteDetailsDialog/SitePhaseForm.tsx
5:3  Warning: 'Control' is defined but never used.  @typescript-eslint/no-unused-vars
6:3  Warning: 'FieldValues' is defined but never used.  @typescript-eslint/no-unused-vars
7:3  Warning: 'Path' is defined but never used.  @typescript-eslint/no-unused-vars
12:10  Warning: 'Loader2' is defined but never used.  @typescript-eslint/no-unused-vars
56:16  Error: Unexpected any. Specify a different type.  @typescript-eslint/no-explicit-any
77:22  Error: Unexpected any. Specify a different type.  @typescript-eslint/no-explicit-any
87:22  Error: Unexpected any. Specify a different type.  @typescript-eslint/no-explicit-any
108:18  Warning: 'isSubmitting' is assigned a value but never used.  @typescript-eslint/no-unused-vars
119:8  Error: Unexpected any. Specify a different type.  @typescript-eslint/no-explicit-any
128:8  Error: Unexpected any. Specify a different type.  @typescript-eslint/no-explicit-any
130:27  Error: Unexpected any. Specify a different type.  @typescript-eslint/no-explicit-any
132:7  Error: Use "@ts-expect-error" instead of "@ts-ignore", as "@ts-ignore" will do nothing if the following line is error-free.  @typescript-eslint/ban-ts-comment
139:7  Error: Use "@ts-expect-error" instead of "@ts-ignore", as "@ts-ignore" will do nothing if the following line is error-free.  @typescript-eslint/ban-ts-comment
163:31  Error: Unexpected any. Specify a different type.  @typescript-eslint/no-explicit-any
170:31  Error: Unexpected any. Specify a different type.  @typescript-eslint/no-explicit-any
177:31  Error: Unexpected any. Specify a different type.  @typescript-eslint/no-explicit-any
224:43  Error: Unexpected any. Specify a different type.  @typescript-eslint/no-explicit-any
232:43  Error: Unexpected any. Specify a different type.  @typescript-eslint/no-explicit-any
241:43  Error: Unexpected any. Specify a different type.  @typescript-eslint/no-explicit-any
290:43  Error: Unexpected any. Specify a different type.  @typescript-eslint/no-explicit-any
298:43  Error: Unexpected any. Specify a different type.  @typescript-eslint/no-explicit-any

./src/components/custom-form-input/Input.tsx
71:27  Error: Unexpected any. Specify a different type.  @typescript-eslint/no-explicit-any
72:42  Error: Unexpected any. Specify a different type.  @typescript-eslint/no-explicit-any
112:12  Error: Unexpected any. Specify a different type.  @typescript-eslint/no-explicit-any
113:28  Error: Unexpected any. Specify a different type.  @typescript-eslint/no-explicit-any
245:53  Warning: 'showError' is defined but never used.  @typescript-eslint/no-unused-vars
265:47  Error: React Hook "React.useState" is called conditionally. React Hooks must be called in the exact same order in every component render.  react-hooks/rules-of-hooks

./src/hooks/useSharePointUpload.ts
139:26  Warning: 'e' is defined but never used.  @typescript-eslint/no-unused-vars

./src/hooks/useUploadDocument.ts
129:34  Error: Unexpected any. Specify a different type.  @typescript-eslint/no-explicit-any

info  - Need to disable some ESLint rules? Learn more here: https://nextjs.org/docs/app/api-reference/config/eslint#disabling-rules
 ELIFECYCLE  Command failed with exit code 1.
