
> web@0.1.0 build C:\Users\Rishabh.Negi_i\OneDrive - The Energy and Resources Institute\Desktop\My_Files\Projects\OTBL\otbl-monorepo-2\apps\web
> next build --turbopack

 ⚠ Warning: Next.js inferred your workspace root, but it may not be correct.
 We detected multiple lockfiles and selected the directory of C:\Users\Rishabh.Negi_i\yarn.lock as the root directory.
 To silence this warning, set `turbopack.root` in your Next.js config, or consider removing one of the lockfiles if it's not needed.
   See https://nextjs.org/docs/app/api-reference/config/next-config-js/turbopack#root-directory for more information.
 Detected additional lockfiles: 
   * C:\Users\Rishabh.Negi_i\OneDrive - The Energy and Resources Institute\Desktop\My_Files\Projects\OTBL\otbl-monorepo-2\apps\web\pnpm-lock.yaml
   * C:\Users\Rishabh.Negi_i\OneDrive - The Energy and Resources Institute\Desktop\My_Files\Projects\OTBL\otbl-monorepo-2\pnpm-lock.yaml

   ▲ Next.js 15.5.2 (Turbopack)
   - Environments: .env

   Creating an optimized production build ...
 ✓ Finished writing to disk in 447ms
 ✓ Compiled successfully in 7.3s
   Skipping validation of types
   Skipping linting
   Collecting page data ...
   Generating static pages (0/10) ...
   Generating static pages (2/10) 
   Generating static pages (4/10) 
   Generating static pages (7/10) 
 ✓ Generating static pages (10/10)
   Finalizing page optimization ...
   Collecting build traces ...

Route (app)                                       Size  First Load JS
┌ ○ /_not-found                                    0 B         194 kB
├ ○ /dashboard                                   863 B         205 kB
├ ○ /dashboard/client                          9.74 kB         267 kB
├ ƒ /dashboard/client/[clientId]               7.62 kB         212 kB
├ ƒ /dashboard/client/workorder/[workOrderId]  1.78 kB         207 kB
├ ○ /dashboard/office-site                     8.63 kB         265 kB
├ ○ /dashboard/user                            9.31 kB         266 kB
├ ○ /dashboard/work-order                      9.08 kB         229 kB
├ ƒ /dashboard/work-order/[workOrderId]         176 kB         409 kB
└ ○ /login                                      117 kB         323 kB
+ First Load JS shared by all                   220 kB
  ├ chunks/01d0506dbec14d3f.js                 10.4 kB
  ├ chunks/080743535d6c49d3.js                   13 kB
  ├ chunks/0d376696c187ad93.js                 59.2 kB
  ├ chunks/92e3ec702dcc906a.js                 28.2 kB
  ├ chunks/ad8a34a365a9beb3.js                 10.4 kB
  ├ chunks/f83bd991e0934c51.js                 17.2 kB
  ├ chunks/0afa14875f5c653a.css                24.5 kB
  └ other shared chunks (total)                  57 kB


ƒ Middleware                                   39.4 kB

○  (Static)   prerendered as static content
ƒ  (Dynamic)  server-rendered on demand

